<?xml version="1.0" encoding="UTF-8"?>
<testsuite xmlns:xsi="http://www.w3.org/2001/XMLSchema-instance" xsi:noNamespaceSchemaLocation="https://maven.apache.org/surefire/maven-surefire-plugin/xsd/surefire-test-report.xsd" version="3.0.2" name="com.bjut.ca.CaApplicationTests" time="3.214" tests="1" errors="0" skipped="0" failures="0">
  <properties>
    <property name="java.specification.version" value="23"/>
    <property name="sun.cpu.isalist" value="amd64"/>
    <property name="sun.jnu.encoding" value="GBK"/>
    <property name="java.class.path" value="E:\system\CA\target\test-classes;E:\system\CA\target\classes;E:\maven\LocalWarehouse\org\springframework\boot\spring-boot-starter-thymeleaf\3.4.5\spring-boot-starter-thymeleaf-3.4.5.jar;E:\maven\LocalWarehouse\org\springframework\boot\spring-boot-starter\3.4.5\spring-boot-starter-3.4.5.jar;E:\maven\LocalWarehouse\org\springframework\boot\spring-boot-starter-logging\3.4.5\spring-boot-starter-logging-3.4.5.jar;E:\maven\LocalWarehouse\ch\qos\logback\logback-classic\1.5.18\logback-classic-1.5.18.jar;E:\maven\LocalWarehouse\ch\qos\logback\logback-core\1.5.18\logback-core-1.5.18.jar;E:\maven\LocalWarehouse\org\apache\logging\log4j\log4j-to-slf4j\2.24.3\log4j-to-slf4j-2.24.3.jar;E:\maven\LocalWarehouse\org\apache\logging\log4j\log4j-api\2.24.3\log4j-api-2.24.3.jar;E:\maven\LocalWarehouse\org\slf4j\jul-to-slf4j\2.0.17\jul-to-slf4j-2.0.17.jar;E:\maven\LocalWarehouse\jakarta\annotation\jakarta.annotation-api\2.1.1\jakarta.annotation-api-2.1.1.jar;E:\maven\LocalWarehouse\org\yaml\snakeyaml\2.3\snakeyaml-2.3.jar;E:\maven\LocalWarehouse\org\thymeleaf\thymeleaf-spring6\3.1.3.RELEASE\thymeleaf-spring6-3.1.3.RELEASE.jar;E:\maven\LocalWarehouse\org\thymeleaf\thymeleaf\3.1.3.RELEASE\thymeleaf-3.1.3.RELEASE.jar;E:\maven\LocalWarehouse\org\attoparser\attoparser\2.0.7.RELEASE\attoparser-2.0.7.RELEASE.jar;E:\maven\LocalWarehouse\org\unbescape\unbescape\1.1.6.RELEASE\unbescape-1.1.6.RELEASE.jar;E:\maven\LocalWarehouse\org\slf4j\slf4j-api\2.0.17\slf4j-api-2.0.17.jar;E:\maven\LocalWarehouse\org\springframework\boot\spring-boot-starter-web\3.4.5\spring-boot-starter-web-3.4.5.jar;E:\maven\LocalWarehouse\org\springframework\boot\spring-boot-starter-json\3.4.5\spring-boot-starter-json-3.4.5.jar;E:\maven\LocalWarehouse\com\fasterxml\jackson\core\jackson-databind\2.18.3\jackson-databind-2.18.3.jar;E:\maven\LocalWarehouse\com\fasterxml\jackson\core\jackson-annotations\2.18.3\jackson-annotations-2.18.3.jar;E:\maven\LocalWarehouse\com\fasterxml\jackson\core\jackson-core\2.18.3\jackson-core-2.18.3.jar;E:\maven\LocalWarehouse\com\fasterxml\jackson\datatype\jackson-datatype-jdk8\2.18.3\jackson-datatype-jdk8-2.18.3.jar;E:\maven\LocalWarehouse\com\fasterxml\jackson\datatype\jackson-datatype-jsr310\2.18.3\jackson-datatype-jsr310-2.18.3.jar;E:\maven\LocalWarehouse\com\fasterxml\jackson\module\jackson-module-parameter-names\2.18.3\jackson-module-parameter-names-2.18.3.jar;E:\maven\LocalWarehouse\org\springframework\boot\spring-boot-starter-tomcat\3.4.5\spring-boot-starter-tomcat-3.4.5.jar;E:\maven\LocalWarehouse\org\apache\tomcat\embed\tomcat-embed-core\10.1.40\tomcat-embed-core-10.1.40.jar;E:\maven\LocalWarehouse\org\apache\tomcat\embed\tomcat-embed-el\10.1.40\tomcat-embed-el-10.1.40.jar;E:\maven\LocalWarehouse\org\apache\tomcat\embed\tomcat-embed-websocket\10.1.40\tomcat-embed-websocket-10.1.40.jar;E:\maven\LocalWarehouse\org\springframework\spring-web\6.2.6\spring-web-6.2.6.jar;E:\maven\LocalWarehouse\org\springframework\spring-beans\6.2.6\spring-beans-6.2.6.jar;E:\maven\LocalWarehouse\io\micrometer\micrometer-observation\1.14.6\micrometer-observation-1.14.6.jar;E:\maven\LocalWarehouse\io\micrometer\micrometer-commons\1.14.6\micrometer-commons-1.14.6.jar;E:\maven\LocalWarehouse\org\springframework\spring-webmvc\6.2.6\spring-webmvc-6.2.6.jar;E:\maven\LocalWarehouse\org\springframework\spring-aop\6.2.6\spring-aop-6.2.6.jar;E:\maven\LocalWarehouse\org\springframework\spring-context\6.2.6\spring-context-6.2.6.jar;E:\maven\LocalWarehouse\org\springframework\spring-expression\6.2.6\spring-expression-6.2.6.jar;E:\maven\LocalWarehouse\org\springframework\boot\spring-boot-starter-websocket\3.4.5\spring-boot-starter-websocket-3.4.5.jar;E:\maven\LocalWarehouse\org\springframework\spring-messaging\6.2.6\spring-messaging-6.2.6.jar;E:\maven\LocalWarehouse\org\springframework\spring-websocket\6.2.6\spring-websocket-6.2.6.jar;E:\maven\LocalWarehouse\org\java-websocket\Java-WebSocket\1.3.4\Java-WebSocket-1.3.4.jar;E:\maven\LocalWarehouse\org\springframework\boot\spring-boot-devtools\3.4.5\spring-boot-devtools-3.4.5.jar;E:\maven\LocalWarehouse\org\springframework\boot\spring-boot\3.4.5\spring-boot-3.4.5.jar;E:\maven\LocalWarehouse\org\springframework\boot\spring-boot-autoconfigure\3.4.5\spring-boot-autoconfigure-3.4.5.jar;E:\maven\LocalWarehouse\org\springframework\boot\spring-boot-configuration-processor\3.4.5\spring-boot-configuration-processor-3.4.5.jar;E:\maven\LocalWarehouse\org\projectlombok\lombok\1.18.38\lombok-1.18.38.jar;E:\maven\LocalWarehouse\com\alibaba\fastjson\1.2.62\fastjson-1.2.62.jar;E:\maven\LocalWarehouse\org\springframework\boot\spring-boot-starter-test\3.4.5\spring-boot-starter-test-3.4.5.jar;E:\maven\LocalWarehouse\org\springframework\boot\spring-boot-test\3.4.5\spring-boot-test-3.4.5.jar;E:\maven\LocalWarehouse\org\springframework\boot\spring-boot-test-autoconfigure\3.4.5\spring-boot-test-autoconfigure-3.4.5.jar;E:\maven\LocalWarehouse\com\jayway\jsonpath\json-path\2.9.0\json-path-2.9.0.jar;E:\maven\LocalWarehouse\jakarta\xml\bind\jakarta.xml.bind-api\4.0.2\jakarta.xml.bind-api-4.0.2.jar;E:\maven\LocalWarehouse\jakarta\activation\jakarta.activation-api\2.1.3\jakarta.activation-api-2.1.3.jar;E:\maven\LocalWarehouse\net\minidev\json-smart\2.5.2\json-smart-2.5.2.jar;E:\maven\LocalWarehouse\net\minidev\accessors-smart\2.5.2\accessors-smart-2.5.2.jar;E:\maven\LocalWarehouse\org\ow2\asm\asm\9.7.1\asm-9.7.1.jar;E:\maven\LocalWarehouse\org\assertj\assertj-core\3.26.3\assertj-core-3.26.3.jar;E:\maven\LocalWarehouse\net\bytebuddy\byte-buddy\1.15.11\byte-buddy-1.15.11.jar;E:\maven\LocalWarehouse\org\awaitility\awaitility\4.2.2\awaitility-4.2.2.jar;E:\maven\LocalWarehouse\org\hamcrest\hamcrest\2.2\hamcrest-2.2.jar;E:\maven\LocalWarehouse\org\junit\jupiter\junit-jupiter\5.11.4\junit-jupiter-5.11.4.jar;E:\maven\LocalWarehouse\org\junit\jupiter\junit-jupiter-api\5.11.4\junit-jupiter-api-5.11.4.jar;E:\maven\LocalWarehouse\org\opentest4j\opentest4j\1.3.0\opentest4j-1.3.0.jar;E:\maven\LocalWarehouse\org\junit\platform\junit-platform-commons\1.11.4\junit-platform-commons-1.11.4.jar;E:\maven\LocalWarehouse\org\apiguardian\apiguardian-api\1.1.2\apiguardian-api-1.1.2.jar;E:\maven\LocalWarehouse\org\junit\jupiter\junit-jupiter-params\5.11.4\junit-jupiter-params-5.11.4.jar;E:\maven\LocalWarehouse\org\junit\jupiter\junit-jupiter-engine\5.11.4\junit-jupiter-engine-5.11.4.jar;E:\maven\LocalWarehouse\org\junit\platform\junit-platform-engine\1.11.4\junit-platform-engine-1.11.4.jar;E:\maven\LocalWarehouse\org\mockito\mockito-core\5.14.2\mockito-core-5.14.2.jar;E:\maven\LocalWarehouse\net\bytebuddy\byte-buddy-agent\1.15.11\byte-buddy-agent-1.15.11.jar;E:\maven\LocalWarehouse\org\objenesis\objenesis\3.3\objenesis-3.3.jar;E:\maven\LocalWarehouse\org\mockito\mockito-junit-jupiter\5.14.2\mockito-junit-jupiter-5.14.2.jar;E:\maven\LocalWarehouse\org\skyscreamer\jsonassert\1.5.3\jsonassert-1.5.3.jar;E:\maven\LocalWarehouse\com\vaadin\external\google\android-json\0.0.20131108.vaadin1\android-json-0.0.20131108.vaadin1.jar;E:\maven\LocalWarehouse\org\springframework\spring-core\6.2.6\spring-core-6.2.6.jar;E:\maven\LocalWarehouse\org\springframework\spring-jcl\6.2.6\spring-jcl-6.2.6.jar;E:\maven\LocalWarehouse\org\springframework\spring-test\6.2.6\spring-test-6.2.6.jar;E:\maven\LocalWarehouse\org\xmlunit\xmlunit-core\2.10.0\xmlunit-core-2.10.0.jar;E:\maven\LocalWarehouse\org\bouncycastle\bcprov-jdk15on\1.70\bcprov-jdk15on-1.70.jar;E:\maven\LocalWarehouse\org\bouncycastle\bcpkix-jdk15on\1.70\bcpkix-jdk15on-1.70.jar;E:\maven\LocalWarehouse\org\bouncycastle\bcutil-jdk15on\1.70\bcutil-jdk15on-1.70.jar;E:\maven\LocalWarehouse\com\github\xiaoymin\knife4j-openapi3-jakarta-spring-boot-starter\4.5.0\knife4j-openapi3-jakarta-spring-boot-starter-4.5.0.jar;E:\maven\LocalWarehouse\com\github\xiaoymin\knife4j-core\4.5.0\knife4j-core-4.5.0.jar;E:\maven\LocalWarehouse\com\github\xiaoymin\knife4j-openapi3-ui\4.5.0\knife4j-openapi3-ui-4.5.0.jar;E:\maven\LocalWarehouse\org\springdoc\springdoc-openapi-starter-webmvc-ui\2.3.0\springdoc-openapi-starter-webmvc-ui-2.3.0.jar;E:\maven\LocalWarehouse\org\springdoc\springdoc-openapi-starter-webmvc-api\2.3.0\springdoc-openapi-starter-webmvc-api-2.3.0.jar;E:\maven\LocalWarehouse\org\springdoc\springdoc-openapi-starter-common\2.3.0\springdoc-openapi-starter-common-2.3.0.jar;E:\maven\LocalWarehouse\io\swagger\core\v3\swagger-core-jakarta\2.2.19\swagger-core-jakarta-2.2.19.jar;E:\maven\LocalWarehouse\org\apache\commons\commons-lang3\3.17.0\commons-lang3-3.17.0.jar;E:\maven\LocalWarehouse\io\swagger\core\v3\swagger-annotations-jakarta\2.2.19\swagger-annotations-jakarta-2.2.19.jar;E:\maven\LocalWarehouse\io\swagger\core\v3\swagger-models-jakarta\2.2.19\swagger-models-jakarta-2.2.19.jar;E:\maven\LocalWarehouse\jakarta\validation\jakarta.validation-api\3.0.2\jakarta.validation-api-3.0.2.jar;E:\maven\LocalWarehouse\com\fasterxml\jackson\dataformat\jackson-dataformat-yaml\2.18.3\jackson-dataformat-yaml-2.18.3.jar;E:\maven\LocalWarehouse\org\webjars\swagger-ui\5.10.3\swagger-ui-5.10.3.jar;"/>
    <property name="java.vm.vendor" value="Oracle Corporation"/>
    <property name="sun.arch.data.model" value="64"/>
    <property name="user.variant" value=""/>
    <property name="java.vendor.url" value="https://java.oracle.com/"/>
    <property name="user.timezone" value="Asia/Shanghai"/>
    <property name="os.name" value="Windows 11"/>
    <property name="java.vm.specification.version" value="23"/>
    <property name="APPLICATION_NAME" value="CA"/>
    <property name="sun.java.launcher" value="SUN_STANDARD"/>
    <property name="user.country" value="CN"/>
    <property name="sun.boot.library.path" value="C:\Program Files\Java\jdk-23\bin"/>
    <property name="sun.java.command" value="C:\Users\ASUS\AppData\Local\Temp\surefire4782019285028908477\surefirebooter-20250514183403015_3.jar C:\Users\ASUS\AppData\Local\Temp\surefire4782019285028908477 2025-05-14T18-34-02_830-jvmRun1 surefire-20250514183403015_1tmp surefire_0-20250514183403015_2tmp"/>
    <property name="jdk.debug" value="release"/>
    <property name="surefire.test.class.path" value="E:\system\CA\target\test-classes;E:\system\CA\target\classes;E:\maven\LocalWarehouse\org\springframework\boot\spring-boot-starter-thymeleaf\3.4.5\spring-boot-starter-thymeleaf-3.4.5.jar;E:\maven\LocalWarehouse\org\springframework\boot\spring-boot-starter\3.4.5\spring-boot-starter-3.4.5.jar;E:\maven\LocalWarehouse\org\springframework\boot\spring-boot-starter-logging\3.4.5\spring-boot-starter-logging-3.4.5.jar;E:\maven\LocalWarehouse\ch\qos\logback\logback-classic\1.5.18\logback-classic-1.5.18.jar;E:\maven\LocalWarehouse\ch\qos\logback\logback-core\1.5.18\logback-core-1.5.18.jar;E:\maven\LocalWarehouse\org\apache\logging\log4j\log4j-to-slf4j\2.24.3\log4j-to-slf4j-2.24.3.jar;E:\maven\LocalWarehouse\org\apache\logging\log4j\log4j-api\2.24.3\log4j-api-2.24.3.jar;E:\maven\LocalWarehouse\org\slf4j\jul-to-slf4j\2.0.17\jul-to-slf4j-2.0.17.jar;E:\maven\LocalWarehouse\jakarta\annotation\jakarta.annotation-api\2.1.1\jakarta.annotation-api-2.1.1.jar;E:\maven\LocalWarehouse\org\yaml\snakeyaml\2.3\snakeyaml-2.3.jar;E:\maven\LocalWarehouse\org\thymeleaf\thymeleaf-spring6\3.1.3.RELEASE\thymeleaf-spring6-3.1.3.RELEASE.jar;E:\maven\LocalWarehouse\org\thymeleaf\thymeleaf\3.1.3.RELEASE\thymeleaf-3.1.3.RELEASE.jar;E:\maven\LocalWarehouse\org\attoparser\attoparser\2.0.7.RELEASE\attoparser-2.0.7.RELEASE.jar;E:\maven\LocalWarehouse\org\unbescape\unbescape\1.1.6.RELEASE\unbescape-1.1.6.RELEASE.jar;E:\maven\LocalWarehouse\org\slf4j\slf4j-api\2.0.17\slf4j-api-2.0.17.jar;E:\maven\LocalWarehouse\org\springframework\boot\spring-boot-starter-web\3.4.5\spring-boot-starter-web-3.4.5.jar;E:\maven\LocalWarehouse\org\springframework\boot\spring-boot-starter-json\3.4.5\spring-boot-starter-json-3.4.5.jar;E:\maven\LocalWarehouse\com\fasterxml\jackson\core\jackson-databind\2.18.3\jackson-databind-2.18.3.jar;E:\maven\LocalWarehouse\com\fasterxml\jackson\core\jackson-annotations\2.18.3\jackson-annotations-2.18.3.jar;E:\maven\LocalWarehouse\com\fasterxml\jackson\core\jackson-core\2.18.3\jackson-core-2.18.3.jar;E:\maven\LocalWarehouse\com\fasterxml\jackson\datatype\jackson-datatype-jdk8\2.18.3\jackson-datatype-jdk8-2.18.3.jar;E:\maven\LocalWarehouse\com\fasterxml\jackson\datatype\jackson-datatype-jsr310\2.18.3\jackson-datatype-jsr310-2.18.3.jar;E:\maven\LocalWarehouse\com\fasterxml\jackson\module\jackson-module-parameter-names\2.18.3\jackson-module-parameter-names-2.18.3.jar;E:\maven\LocalWarehouse\org\springframework\boot\spring-boot-starter-tomcat\3.4.5\spring-boot-starter-tomcat-3.4.5.jar;E:\maven\LocalWarehouse\org\apache\tomcat\embed\tomcat-embed-core\10.1.40\tomcat-embed-core-10.1.40.jar;E:\maven\LocalWarehouse\org\apache\tomcat\embed\tomcat-embed-el\10.1.40\tomcat-embed-el-10.1.40.jar;E:\maven\LocalWarehouse\org\apache\tomcat\embed\tomcat-embed-websocket\10.1.40\tomcat-embed-websocket-10.1.40.jar;E:\maven\LocalWarehouse\org\springframework\spring-web\6.2.6\spring-web-6.2.6.jar;E:\maven\LocalWarehouse\org\springframework\spring-beans\6.2.6\spring-beans-6.2.6.jar;E:\maven\LocalWarehouse\io\micrometer\micrometer-observation\1.14.6\micrometer-observation-1.14.6.jar;E:\maven\LocalWarehouse\io\micrometer\micrometer-commons\1.14.6\micrometer-commons-1.14.6.jar;E:\maven\LocalWarehouse\org\springframework\spring-webmvc\6.2.6\spring-webmvc-6.2.6.jar;E:\maven\LocalWarehouse\org\springframework\spring-aop\6.2.6\spring-aop-6.2.6.jar;E:\maven\LocalWarehouse\org\springframework\spring-context\6.2.6\spring-context-6.2.6.jar;E:\maven\LocalWarehouse\org\springframework\spring-expression\6.2.6\spring-expression-6.2.6.jar;E:\maven\LocalWarehouse\org\springframework\boot\spring-boot-starter-websocket\3.4.5\spring-boot-starter-websocket-3.4.5.jar;E:\maven\LocalWarehouse\org\springframework\spring-messaging\6.2.6\spring-messaging-6.2.6.jar;E:\maven\LocalWarehouse\org\springframework\spring-websocket\6.2.6\spring-websocket-6.2.6.jar;E:\maven\LocalWarehouse\org\java-websocket\Java-WebSocket\1.3.4\Java-WebSocket-1.3.4.jar;E:\maven\LocalWarehouse\org\springframework\boot\spring-boot-devtools\3.4.5\spring-boot-devtools-3.4.5.jar;E:\maven\LocalWarehouse\org\springframework\boot\spring-boot\3.4.5\spring-boot-3.4.5.jar;E:\maven\LocalWarehouse\org\springframework\boot\spring-boot-autoconfigure\3.4.5\spring-boot-autoconfigure-3.4.5.jar;E:\maven\LocalWarehouse\org\springframework\boot\spring-boot-configuration-processor\3.4.5\spring-boot-configuration-processor-3.4.5.jar;E:\maven\LocalWarehouse\org\projectlombok\lombok\1.18.38\lombok-1.18.38.jar;E:\maven\LocalWarehouse\com\alibaba\fastjson\1.2.62\fastjson-1.2.62.jar;E:\maven\LocalWarehouse\org\springframework\boot\spring-boot-starter-test\3.4.5\spring-boot-starter-test-3.4.5.jar;E:\maven\LocalWarehouse\org\springframework\boot\spring-boot-test\3.4.5\spring-boot-test-3.4.5.jar;E:\maven\LocalWarehouse\org\springframework\boot\spring-boot-test-autoconfigure\3.4.5\spring-boot-test-autoconfigure-3.4.5.jar;E:\maven\LocalWarehouse\com\jayway\jsonpath\json-path\2.9.0\json-path-2.9.0.jar;E:\maven\LocalWarehouse\jakarta\xml\bind\jakarta.xml.bind-api\4.0.2\jakarta.xml.bind-api-4.0.2.jar;E:\maven\LocalWarehouse\jakarta\activation\jakarta.activation-api\2.1.3\jakarta.activation-api-2.1.3.jar;E:\maven\LocalWarehouse\net\minidev\json-smart\2.5.2\json-smart-2.5.2.jar;E:\maven\LocalWarehouse\net\minidev\accessors-smart\2.5.2\accessors-smart-2.5.2.jar;E:\maven\LocalWarehouse\org\ow2\asm\asm\9.7.1\asm-9.7.1.jar;E:\maven\LocalWarehouse\org\assertj\assertj-core\3.26.3\assertj-core-3.26.3.jar;E:\maven\LocalWarehouse\net\bytebuddy\byte-buddy\1.15.11\byte-buddy-1.15.11.jar;E:\maven\LocalWarehouse\org\awaitility\awaitility\4.2.2\awaitility-4.2.2.jar;E:\maven\LocalWarehouse\org\hamcrest\hamcrest\2.2\hamcrest-2.2.jar;E:\maven\LocalWarehouse\org\junit\jupiter\junit-jupiter\5.11.4\junit-jupiter-5.11.4.jar;E:\maven\LocalWarehouse\org\junit\jupiter\junit-jupiter-api\5.11.4\junit-jupiter-api-5.11.4.jar;E:\maven\LocalWarehouse\org\opentest4j\opentest4j\1.3.0\opentest4j-1.3.0.jar;E:\maven\LocalWarehouse\org\junit\platform\junit-platform-commons\1.11.4\junit-platform-commons-1.11.4.jar;E:\maven\LocalWarehouse\org\apiguardian\apiguardian-api\1.1.2\apiguardian-api-1.1.2.jar;E:\maven\LocalWarehouse\org\junit\jupiter\junit-jupiter-params\5.11.4\junit-jupiter-params-5.11.4.jar;E:\maven\LocalWarehouse\org\junit\jupiter\junit-jupiter-engine\5.11.4\junit-jupiter-engine-5.11.4.jar;E:\maven\LocalWarehouse\org\junit\platform\junit-platform-engine\1.11.4\junit-platform-engine-1.11.4.jar;E:\maven\LocalWarehouse\org\mockito\mockito-core\5.14.2\mockito-core-5.14.2.jar;E:\maven\LocalWarehouse\net\bytebuddy\byte-buddy-agent\1.15.11\byte-buddy-agent-1.15.11.jar;E:\maven\LocalWarehouse\org\objenesis\objenesis\3.3\objenesis-3.3.jar;E:\maven\LocalWarehouse\org\mockito\mockito-junit-jupiter\5.14.2\mockito-junit-jupiter-5.14.2.jar;E:\maven\LocalWarehouse\org\skyscreamer\jsonassert\1.5.3\jsonassert-1.5.3.jar;E:\maven\LocalWarehouse\com\vaadin\external\google\android-json\0.0.20131108.vaadin1\android-json-0.0.20131108.vaadin1.jar;E:\maven\LocalWarehouse\org\springframework\spring-core\6.2.6\spring-core-6.2.6.jar;E:\maven\LocalWarehouse\org\springframework\spring-jcl\6.2.6\spring-jcl-6.2.6.jar;E:\maven\LocalWarehouse\org\springframework\spring-test\6.2.6\spring-test-6.2.6.jar;E:\maven\LocalWarehouse\org\xmlunit\xmlunit-core\2.10.0\xmlunit-core-2.10.0.jar;E:\maven\LocalWarehouse\org\bouncycastle\bcprov-jdk15on\1.70\bcprov-jdk15on-1.70.jar;E:\maven\LocalWarehouse\org\bouncycastle\bcpkix-jdk15on\1.70\bcpkix-jdk15on-1.70.jar;E:\maven\LocalWarehouse\org\bouncycastle\bcutil-jdk15on\1.70\bcutil-jdk15on-1.70.jar;E:\maven\LocalWarehouse\com\github\xiaoymin\knife4j-openapi3-jakarta-spring-boot-starter\4.5.0\knife4j-openapi3-jakarta-spring-boot-starter-4.5.0.jar;E:\maven\LocalWarehouse\com\github\xiaoymin\knife4j-core\4.5.0\knife4j-core-4.5.0.jar;E:\maven\LocalWarehouse\com\github\xiaoymin\knife4j-openapi3-ui\4.5.0\knife4j-openapi3-ui-4.5.0.jar;E:\maven\LocalWarehouse\org\springdoc\springdoc-openapi-starter-webmvc-ui\2.3.0\springdoc-openapi-starter-webmvc-ui-2.3.0.jar;E:\maven\LocalWarehouse\org\springdoc\springdoc-openapi-starter-webmvc-api\2.3.0\springdoc-openapi-starter-webmvc-api-2.3.0.jar;E:\maven\LocalWarehouse\org\springdoc\springdoc-openapi-starter-common\2.3.0\springdoc-openapi-starter-common-2.3.0.jar;E:\maven\LocalWarehouse\io\swagger\core\v3\swagger-core-jakarta\2.2.19\swagger-core-jakarta-2.2.19.jar;E:\maven\LocalWarehouse\org\apache\commons\commons-lang3\3.17.0\commons-lang3-3.17.0.jar;E:\maven\LocalWarehouse\io\swagger\core\v3\swagger-annotations-jakarta\2.2.19\swagger-annotations-jakarta-2.2.19.jar;E:\maven\LocalWarehouse\io\swagger\core\v3\swagger-models-jakarta\2.2.19\swagger-models-jakarta-2.2.19.jar;E:\maven\LocalWarehouse\jakarta\validation\jakarta.validation-api\3.0.2\jakarta.validation-api-3.0.2.jar;E:\maven\LocalWarehouse\com\fasterxml\jackson\dataformat\jackson-dataformat-yaml\2.18.3\jackson-dataformat-yaml-2.18.3.jar;E:\maven\LocalWarehouse\org\webjars\swagger-ui\5.10.3\swagger-ui-5.10.3.jar;"/>
    <property name="sun.cpu.endian" value="little"/>
    <property name="user.home" value="C:\Users\ASUS"/>
    <property name="user.language" value="zh"/>
    <property name="java.specification.vendor" value="Oracle Corporation"/>
    <property name="java.version.date" value="2024-10-15"/>
    <property name="java.home" value="C:\Program Files\Java\jdk-23"/>
    <property name="file.separator" value="\"/>
    <property name="basedir" value="E:\system\CA"/>
    <property name="java.vm.compressedOopsMode" value="Zero based"/>
    <property name="line.separator" value="&#10;"/>
    <property name="java.vm.specification.vendor" value="Oracle Corporation"/>
    <property name="java.specification.name" value="Java Platform API Specification"/>
    <property name="FILE_LOG_CHARSET" value="UTF-8"/>
    <property name="java.awt.headless" value="true"/>
    <property name="surefire.real.class.path" value="C:\Users\ASUS\AppData\Local\Temp\surefire4782019285028908477\surefirebooter-20250514183403015_3.jar"/>
    <property name="user.script" value=""/>
    <property name="sun.management.compiler" value="HotSpot 64-Bit Tiered Compilers"/>
    <property name="java.runtime.version" value="23.0.1+11-39"/>
    <property name="user.name" value="ASUS"/>
    <property name="stdout.encoding" value="GBK"/>
    <property name="path.separator" value=";"/>
    <property name="os.version" value="10.0"/>
    <property name="java.runtime.name" value="Java(TM) SE Runtime Environment"/>
    <property name="file.encoding" value="UTF-8"/>
    <property name="java.vm.name" value="Java HotSpot(TM) 64-Bit Server VM"/>
    <property name="localRepository" value="E:\maven\LocalWarehouse"/>
    <property name="java.vendor.url.bug" value="https://bugreport.java.com/bugreport/"/>
    <property name="java.io.tmpdir" value="C:\Users\ASUS\AppData\Local\Temp\"/>
    <property name="java.version" value="23.0.1"/>
    <property name="user.dir" value="E:\system\CA"/>
    <property name="os.arch" value="amd64"/>
    <property name="java.vm.specification.name" value="Java Virtual Machine Specification"/>
    <property name="PID" value="4680"/>
    <property name="sun.os.patch.level" value=""/>
    <property name="CONSOLE_LOG_CHARSET" value="UTF-8"/>
    <property name="native.encoding" value="GBK"/>
    <property name="java.library.path" value="C:\Program Files\Java\jdk-23\bin;C:\WINDOWS\Sun\Java\bin;C:\WINDOWS\system32;C:\WINDOWS;E:\VMware Workstation\bin\;C:\Program Files\NVIDIA GPU Computing Toolkit\CUDA\v12.6\bin;C:\Program Files\NVIDIA GPU Computing Toolkit\CUDA\v12.6\libnvvp;C:\Program Files\Common Files\Oracle\Java\javapath;C:\Program Files (x86)\Common Files\Oracle\Java\java8path;C:\Program Files (x86)\Common Files\Oracle\Java\javapath;C:\WINDOWS\system32;C:\WINDOWS;C:\WINDOWS\System32\Wbem;C:\WINDOWS\System32\WindowsPowerShell\v1.0\;C:\WINDOWS\System32\OpenSSH\;C:\Program Files (x86)\NVIDIA Corporation\PhysX\Common;C:\Program Files\dotnet\;C:\Program Files\NVIDIA Corporation\NVIDIA app\NvDLISR;E:\Git\cmd;C:\Program Files\NVIDIA Corporation\Nsight Compute 2024.3.2\;C:\Program Files\Docker\Docker\resources\bin;C:\Users\ASUS\AppData\Local\nvm;C:\nvm4w\nodejs;C:\Program Files (x86)\Windows Kits\10\Windows Performance Toolkit\;D:\gh\;E:\GmSSL 3.1.1\bin;E:\x86_64-14.2.0-release-win32-seh-ucrt-rt_v12-rev1\mingw64\bin;C:\Program Files\OpenSSL-Win64\bin;E:\GmSSL 3.1.1\lib;E:\Xshell\;E:\Xftp\;C:\Program Files\Redis\;C:\Program Files (x86)\Microsoft SQL Server\160\Tools\Binn\;C:\Program Files\Microsoft SQL Server\160\Tools\Binn\;C:\Program Files\Microsoft SQL Server\Client SDK\ODBC\170\Tools\Binn\;C:\Program Files\Microsoft SQL Server\160\DTS\Binn\;C:\Program Files (x86)\Microsoft SQL Server\160\DTS\Binn\;E:\maven\apache-maven-3.9.9\bin;C:\Program Files\Java\jdk-23\bin;C:\Program Files\Java\jdk-23\jre\bin;C:\Program Files\Go\bin;E:\MySQL\MySQL Server 8.0\bin;E:\MySQL\MySQL Shell 8.0\bin\;C:\Users\ASUS\AppData\Local\Programs\Python\Python313\Scripts\;C:\Users\ASUS\AppData\Local\Programs\Python\Python313\;C:\Users\ASUS\AppData\Local\Programs\Python\Launcher\;C:\Users\ASUS\AppData\Local\Microsoft\WindowsApps;E:\Microsoft VS Code\bin;C:\Users\ASUS\AppData\Roaming\npm;C:\Users\ASUS\AppData\Local\nvm;C:\nvm4w\nodejs;E:\x86_64-14.2.0-release-win32-seh-ucrt-rt_v12-rev1\mingw64\bin;C:\Program Files\OpenSSL-Win64\bin;E:\GmSSL 3.1.1\lib;C:\Users\ASUS\go\bin;E:\go\bin;;."/>
    <property name="java.vm.info" value="mixed mode, sharing"/>
    <property name="stderr.encoding" value="GBK"/>
    <property name="java.vendor" value="Oracle Corporation"/>
    <property name="java.vm.version" value="23.0.1+11-39"/>
    <property name="sun.io.unicode.encoding" value="UnicodeLittle"/>
    <property name="java.class.version" value="67.0"/>
    <property name="LOGGED_APPLICATION_NAME" value="[CA] "/>
  </properties>
  <testcase name="contextLoads" classname="com.bjut.ca.CaApplicationTests" time="0.781">
    <system-out><![CDATA[18:34:03.867 [main] INFO org.springframework.test.context.support.AnnotationConfigContextLoaderUtils -- Could not detect default configuration classes for test class [com.bjut.ca.CaApplicationTests]: CaApplicationTests does not declare any static, non-private, non-final, nested classes annotated with @Configuration.
18:34:03.955 [main] INFO org.springframework.boot.test.context.SpringBootTestContextBootstrapper -- Found @SpringBootConfiguration com.bjut.ca.CaApplication for test class com.bjut.ca.CaApplicationTests
18:34:04.061 [main] INFO org.springframework.boot.devtools.restart.RestartApplicationListener -- Restart disabled due to context in which it is running

  .   ____          _            __ _ _
 /\\ / ___'_ __ _ _(_)_ __  __ _ \ \ \ \
( ( )\___ | '_ | '_| | '_ \/ _` | \ \ \ \
 \\/  ___)| |_)| | | | | || (_| |  ) ) ) )
  '  |____| .__|_| |_|_| |_\__, | / / / /
 =========|_|==============|___/=/_/_/_/

 :: Spring Boot ::                (v3.4.5)

2025-05-14T18:34:04.301+08:00  INFO 4680 --- [CA] [           main] com.bjut.ca.CaApplicationTests           : Starting CaApplicationTests using Java 23.0.1 with PID 4680 (started by ASUS in E:\system\CA)
2025-05-14T18:34:04.302+08:00  INFO 4680 --- [CA] [           main] com.bjut.ca.CaApplicationTests           : No active profile set, falling back to 1 default profile: "default"
2025-05-14T18:34:05.332+08:00  INFO 4680 --- [CA] [           main] com.bjut.ca.server.impl.CAimpl           : 正在从 ca_keystore.p12 加载已存在的CA密钥库...
2025-05-14T18:34:05.384+08:00  INFO 4680 --- [CA] [           main] com.bjut.ca.server.impl.CAimpl           : CA密钥对和根证书已成功从密钥库 ca_keystore.p12 加载。
2025-05-14T18:34:05.384+08:00  INFO 4680 --- [CA] [           main] com.bjut.ca.server.impl.CAimpl           : 加载的CA根证书当前有效。有效期至: Mon May 14 17:47:36 CST 2035
2025-05-14T18:34:05.715+08:00  INFO 4680 --- [CA] [           main] o.s.v.b.OptionalValidatorFactoryBean     : Failed to set up a Bean Validation provider: jakarta.validation.NoProviderFoundException: Unable to create a Configuration, because no Jakarta Bean Validation provider could be found. Add a provider like Hibernate Validator (RI) to your classpath.
2025-05-14T18:34:05.927+08:00  WARN 4680 --- [CA] [           main] ion$DefaultTemplateResolverConfiguration : Cannot find template location: classpath:/templates/ (please add some templates, check your Thymeleaf configuration, or set spring.thymeleaf.check-template-location=false)
2025-05-14T18:34:06.168+08:00  INFO 4680 --- [CA] [           main] com.bjut.ca.CaApplicationTests           : Started CaApplicationTests in 2.12 seconds (process running for 3.052)
]]></system-out>
    <system-err><![CDATA[Mockito is currently self-attaching to enable the inline-mock-maker. This will no longer work in future releases of the JDK. Please add Mockito as an agent to your build what is described in Mockito's documentation: https://javadoc.io/doc/org.mockito/mockito-core/latest/org/mockito/Mockito.html#0.3
WARNING: A Java agent has been loaded dynamically (E:\maven\LocalWarehouse\net\bytebuddy\byte-buddy-agent\1.15.11\byte-buddy-agent-1.15.11.jar)
WARNING: If a serviceability tool is in use, please run with -XX:+EnableDynamicAgentLoading to hide this warning
WARNING: If a serviceability tool is not in use, please run with -Djdk.instrument.traceUsage for more information
WARNING: Dynamic loading of agents will be disallowed by default in a future release
]]></system-err>
  </testcase>
</testsuite>